--------------------------------------------------------------------------
A deprecated MCA variable value was specified in the environment or
on the command line.  Deprecated MCA variables should be avoided;
they may disappear in future releases.

  Deprecated variable: rmaps_base_schedule_policy
  New variable:        rmaps_base_mapping_policy
--------------------------------------------------------------------------
detected matrix : 1473 x 1473
 0% (0 iterations) in 0.426 seconds
 4% (2 iterations) in 0.800 seconds
 8% (4 iterations) in 1.166 seconds
12% (6 iterations) in 1.534 seconds
16% (8 iterations) in 1.898 seconds
20% (10 iterations) in 2.493 seconds
24% (12 iterations) in 2.863 seconds
28% (14 iterations) in 3.243 seconds
32% (16 iterations) in 3.591 seconds
36% (18 iterations) in 3.895 seconds
40% (20 iterations) in 4.224 seconds
44% (22 iterations) in 4.708 seconds
48% (24 iterations) in 5.034 seconds
52% (26 iterations) in 5.413 seconds
56% (28 iterations) in 5.728 seconds
60% (30 iterations) in 6.078 seconds
64% (32 iterations) in 6.425 seconds
68% (34 iterations) in 6.997 seconds
72% (36 iterations) in 7.319 seconds
76% (38 iterations) in 7.730 seconds
80% (40 iterations) in 8.062 seconds
84% (42 iterations) in 8.426 seconds
88% (44 iterations) in 8.802 seconds
92% (46 iterations) in 9.304 seconds
96% (48 iterations) in 9.654 seconds
duration (s) : 9.844223
