--------------------------------------------------------------------------
A deprecated MCA variable value was specified in the environment or
on the command line.  Deprecated MCA variables should be avoided;
they may disappear in future releases.

  Deprecated variable: rmaps_base_schedule_policy
  New variable:        rmaps_base_mapping_policy
--------------------------------------------------------------------------
detected matrix : 4929 x 4929
 0% (0 iterations) in 0.688 seconds
 4% (2 iterations) in 1.246 seconds
 8% (4 iterations) in 1.782 seconds
12% (6 iterations) in 2.561 seconds
16% (8 iterations) in 3.100 seconds
20% (10 iterations) in 3.747 seconds
24% (12 iterations) in 4.285 seconds
28% (14 iterations) in 5.019 seconds
32% (16 iterations) in 5.552 seconds
36% (18 iterations) in 6.089 seconds
40% (20 iterations) in 6.827 seconds
44% (22 iterations) in 7.367 seconds
48% (24 iterations) in 7.906 seconds
52% (26 iterations) in 8.452 seconds
56% (28 iterations) in 9.192 seconds
60% (30 iterations) in 9.730 seconds
64% (32 iterations) in 10.269 seconds
68% (34 iterations) in 10.808 seconds
72% (36 iterations) in 11.544 seconds
76% (38 iterations) in 12.085 seconds
80% (40 iterations) in 12.624 seconds
84% (42 iterations) in 13.175 seconds
88% (44 iterations) in 13.909 seconds
92% (46 iterations) in 14.444 seconds
96% (48 iterations) in 14.983 seconds
duration (s) : 15.252674
