--------------------------------------------------------------------------
A deprecated MCA variable value was specified in the environment or
on the command line.  Deprecated MCA variables should be avoided;
they may disappear in future releases.

  Deprecated variable: rmaps_base_schedule_policy
  New variable:        rmaps_base_mapping_policy
--------------------------------------------------------------------------
detected matrix : 4929 x 4929
 0% (0 iterations) in 1.131 seconds
 4% (2 iterations) in 2.439 seconds
 8% (4 iterations) in 3.482 seconds
12% (6 iterations) in 4.723 seconds
16% (8 iterations) in 5.766 seconds
20% (10 iterations) in 7.010 seconds
24% (12 iterations) in 8.049 seconds
28% (14 iterations) in 9.290 seconds
32% (16 iterations) in 10.330 seconds
36% (18 iterations) in 11.570 seconds
40% (20 iterations) in 12.609 seconds
44% (22 iterations) in 13.847 seconds
48% (24 iterations) in 14.886 seconds
52% (26 iterations) in 16.126 seconds
56% (28 iterations) in 17.167 seconds
60% (30 iterations) in 18.407 seconds
64% (32 iterations) in 19.445 seconds
68% (34 iterations) in 20.682 seconds
72% (36 iterations) in 21.718 seconds
76% (38 iterations) in 22.963 seconds
80% (40 iterations) in 24.005 seconds
84% (42 iterations) in 25.246 seconds
88% (44 iterations) in 26.285 seconds
92% (46 iterations) in 27.527 seconds
96% (48 iterations) in 28.568 seconds
duration (s) : 29.290155
