--------------------------------------------------------------------------
A deprecated MCA variable value was specified in the environment or
on the command line.  Deprecated MCA variables should be avoided;
they may disappear in future releases.

  Deprecated variable: rmaps_base_schedule_policy
  New variable:        rmaps_base_mapping_policy
--------------------------------------------------------------------------
detected matrix : 4929 x 4929
 0% (0 iterations) in 1.112 seconds
 4% (2 iterations) in 2.583 seconds
 8% (4 iterations) in 3.630 seconds
12% (6 iterations) in 4.873 seconds
16% (8 iterations) in 5.913 seconds
20% (10 iterations) in 7.154 seconds
24% (12 iterations) in 8.195 seconds
28% (14 iterations) in 9.434 seconds
32% (16 iterations) in 10.477 seconds
36% (18 iterations) in 11.719 seconds
40% (20 iterations) in 12.768 seconds
44% (22 iterations) in 14.011 seconds
48% (24 iterations) in 15.054 seconds
52% (26 iterations) in 16.296 seconds
56% (28 iterations) in 17.342 seconds
60% (30 iterations) in 18.589 seconds
64% (32 iterations) in 19.631 seconds
68% (34 iterations) in 20.870 seconds
72% (36 iterations) in 21.916 seconds
76% (38 iterations) in 23.157 seconds
80% (40 iterations) in 24.198 seconds
84% (42 iterations) in 25.435 seconds
88% (44 iterations) in 26.678 seconds
92% (46 iterations) in 27.718 seconds
96% (48 iterations) in 28.961 seconds
duration (s) : 29.481726
