--------------------------------------------------------------------------
A deprecated MCA variable value was specified in the environment or
on the command line.  Deprecated MCA variables should be avoided;
they may disappear in future releases.

  Deprecated variable: rmaps_base_schedule_policy
  New variable:        rmaps_base_mapping_policy
--------------------------------------------------------------------------
detected matrix : 4929 x 4929
 0% (0 iterations) in 1.857 seconds
 4% (2 iterations) in 5.330 seconds
 8% (4 iterations) in 8.712 seconds
12% (6 iterations) in 12.098 seconds
16% (8 iterations) in 14.970 seconds
20% (10 iterations) in 18.142 seconds
24% (12 iterations) in 21.472 seconds
28% (14 iterations) in 24.333 seconds
32% (16 iterations) in 27.378 seconds
36% (18 iterations) in 34.547 seconds
40% (20 iterations) in 37.710 seconds
44% (22 iterations) in 40.568 seconds
48% (24 iterations) in 43.732 seconds
52% (26 iterations) in 46.650 seconds
56% (28 iterations) in 49.659 seconds
60% (30 iterations) in 52.685 seconds
64% (32 iterations) in 55.829 seconds
68% (34 iterations) in 58.929 seconds
72% (36 iterations) in 61.951 seconds
76% (38 iterations) in 65.527 seconds
80% (40 iterations) in 68.712 seconds
84% (42 iterations) in 71.708 seconds
88% (44 iterations) in 74.889 seconds
92% (46 iterations) in 77.930 seconds
96% (48 iterations) in 81.067 seconds
duration (s) : 82.517656
