--------------------------------------------------------------------------
A deprecated MCA variable value was specified in the environment or
on the command line.  Deprecated MCA variables should be avoided;
they may disappear in future releases.

  Deprecated variable: rmaps_base_schedule_policy
  New variable:        rmaps_base_mapping_policy
--------------------------------------------------------------------------
detected matrix : 4929 x 4929
 0% (0 iterations) in 1.419 seconds
 4% (2 iterations) in 4.304 seconds
 8% (4 iterations) in 7.459 seconds
12% (6 iterations) in 10.319 seconds
16% (8 iterations) in 13.052 seconds
20% (10 iterations) in 16.144 seconds
24% (12 iterations) in 19.029 seconds
28% (14 iterations) in 21.768 seconds
32% (16 iterations) in 24.273 seconds
36% (18 iterations) in 27.094 seconds
40% (20 iterations) in 33.927 seconds
44% (22 iterations) in 36.540 seconds
48% (24 iterations) in 39.240 seconds
52% (26 iterations) in 41.838 seconds
56% (28 iterations) in 44.834 seconds
60% (30 iterations) in 47.251 seconds
64% (32 iterations) in 49.865 seconds
68% (34 iterations) in 52.466 seconds
72% (36 iterations) in 55.400 seconds
76% (38 iterations) in 58.031 seconds
80% (40 iterations) in 60.803 seconds
84% (42 iterations) in 63.429 seconds
88% (44 iterations) in 66.166 seconds
92% (46 iterations) in 68.977 seconds
96% (48 iterations) in 71.952 seconds
duration (s) : 73.318520
